<?xml version="1.0" encoding="UTF-8"?>
<!-- Generated by org.testng.reporters.JUnitXMLReporter -->
<testsuite ignored="2" hostname="L_RA_410" failures="1" tests="7" name="Test" time="13.978" errors="0" timestamp="2023-02-10T12:39:54 IST">
  <testcase classname="TEST.LoginTest" name="verifyTitleOfBuild" time="0.035"/>
  <testcase classname="TEST.LoginTest" name="verifyUrlOfPage" time="0.019"/>
  <testcase classname="TEST.LoginTest" name="verifyTitleOfPage" time="0.384"/>
  <testcase classname="TEST.LoginTest" name="verifyLoginpageWithCredentials" time="2.193"/>
  <testcase classname="TEST.PimTest" name="verifyPimPageTitle" time="1.896"/>
  <testcase classname="TEST.PimTest" name="verifyEmpSearchEmpId" time="0.845">
    <failure type="org.openqa.selenium.StaleElementReferenceException" message="stale element reference: element is not attached to the page document
  (Session info: chrome=109.0.5414.121)
For documentation on this error, please visit: https://selenium.dev/exceptions/#stale_element_reference
Build info: version: &amp;apos;4.7.2&amp;apos;, revision: &amp;apos;4d4020c3b7&amp;apos;
System info: os.name: &amp;apos;Windows 11&amp;apos;, os.arch: &amp;apos;amd64&amp;apos;, os.version: &amp;apos;10.0&amp;apos;, java.version: &amp;apos;17.0.5&amp;apos;
Driver info: org.openqa.selenium.chrome.ChromeDriver
Command: [b6b46b938943d8c495eb410d71e12900, getElementText {id=f6928653-3e05-4be6-a7b1-72c71afa5285}]
Capabilities {acceptInsecureCerts: false, browserName: chrome, browserVersion: 109.0.5414.121, chrome: {chromedriverVersion: 109.0.5414.74 (e7c5703604da..., userDataDir: C:\Users\abhis\AppData\Loca...}, goog:chromeOptions: {debuggerAddress: localhost:55249}, networkConnectionEnabled: false, pageLoadStrategy: normal, platformName: WINDOWS, proxy: Proxy(), se:cdp: ws://localhost:55249/devtoo..., se:cdpVersion: 109.0.5414.121, setWindowRect: true, strictFileInteractability: false, timeouts: {implicit: 0, pageLoad: 300000, script: 30000}, unhandledPromptBehavior: dismiss and notify, webauthn:extension:credBlob: true, webauthn:extension:largeBlob: true, webauthn:virtualAuthenticators: true}
Element: [[[[ChromeDriver: chrome on WINDOWS (b6b46b938943d8c495eb410d71e12900)] -&amp;gt; xpath: //*[@class=&amp;apos;orangehrm-container&amp;apos;]]] -&amp;gt; xpath: //div[text()=&amp;apos;0221&amp;apos;]]
Session ID: b6b46b938943d8c495eb410d71e12900">
      <![CDATA[org.openqa.selenium.StaleElementReferenceException: stale element reference: element is not attached to the page document
  (Session info: chrome=109.0.5414.121)
For documentation on this error, please visit: https://selenium.dev/exceptions/#stale_element_reference
Build info: version: '4.7.2', revision: '4d4020c3b7'
System info: os.name: 'Windows 11', os.arch: 'amd64', os.version: '10.0', java.version: '17.0.5'
Driver info: org.openqa.selenium.chrome.ChromeDriver
Command: [b6b46b938943d8c495eb410d71e12900, getElementText {id=f6928653-3e05-4be6-a7b1-72c71afa5285}]
Capabilities {acceptInsecureCerts: false, browserName: chrome, browserVersion: 109.0.5414.121, chrome: {chromedriverVersion: 109.0.5414.74 (e7c5703604da..., userDataDir: C:\Users\abhis\AppData\Loca...}, goog:chromeOptions: {debuggerAddress: localhost:55249}, networkConnectionEnabled: false, pageLoadStrategy: normal, platformName: WINDOWS, proxy: Proxy(), se:cdp: ws://localhost:55249/devtoo..., se:cdpVersion: 109.0.5414.121, setWindowRect: true, strictFileInteractability: false, timeouts: {implicit: 0, pageLoad: 300000, script: 30000}, unhandledPromptBehavior: dismiss and notify, webauthn:extension:credBlob: true, webauthn:extension:largeBlob: true, webauthn:virtualAuthenticators: true}
Element: [[[[ChromeDriver: chrome on WINDOWS (b6b46b938943d8c495eb410d71e12900)] -> xpath: //*[@class='orangehrm-container']]] -> xpath: //div[text()='0221']]
Session ID: b6b46b938943d8c495eb410d71e12900
at org.openqa.selenium.remote.codec.w3c.W3CHttpResponseCodec.createException(W3CHttpResponseCodec.java:200)
at org.openqa.selenium.remote.codec.w3c.W3CHttpResponseCodec.decode(W3CHttpResponseCodec.java:133)
at org.openqa.selenium.remote.codec.w3c.W3CHttpResponseCodec.decode(W3CHttpResponseCodec.java:53)
at org.openqa.selenium.remote.HttpCommandExecutor.execute(HttpCommandExecutor.java:184)
at org.openqa.selenium.remote.service.DriverCommandExecutor.invokeExecute(DriverCommandExecutor.java:167)
at org.openqa.selenium.remote.service.DriverCommandExecutor.execute(DriverCommandExecutor.java:142)
at org.openqa.selenium.remote.RemoteWebDriver.execute(RemoteWebDriver.java:535)
at org.openqa.selenium.remote.RemoteWebElement.execute(RemoteWebElement.java:257)
at org.openqa.selenium.remote.RemoteWebElement.getText(RemoteWebElement.java:207)
at MAINJava.PimPage.getEmpIdFromSearchedResults(PimPage.java:80)
at TEST.PimTest.verifyEmpSearchEmpId(PimTest.java:19)
at java.base/java.util.ArrayList.forEach(ArrayList.java:1511)
... Removed 32 stack frames]]>
    </failure>
  </testcase> <!-- verifyEmpSearchEmpId -->
  <testcase classname="TEST.PimTest" name="TestIngChanges" time="0.001"/>
  <testcase classname="TEST.BaseTest" name="@AfterSuite tearDownEnvironment" time="0.0">
    <ignored/>
  </testcase> <!-- @AfterSuite tearDownEnvironment -->
  <testcase classname="TEST.BaseTest" name="@BeforeSuite initbrowser" time="0.0">
    <ignored/>
  </testcase> <!-- @BeforeSuite initbrowser -->
</testsuite> <!-- Test -->
